<?xml version="1.0" encoding="UTF-8"?>
<coverage generated="1753998498695" clover="3.2.0">
  <project timestamp="1753998498695" name="All files">
    <metrics statements="5" coveredstatements="5" conditionals="0" coveredconditionals="0" methods="2" coveredmethods="2" elements="7" coveredelements="7" complexity="0" loc="5" ncloc="5" packages="1" files="1" classes="1"/>
    <file name="donation-controller.ts" path="C:\Users\garde\OneDrive\Desktop\donation-api\src\controllers\donation-controller.ts">
      <metrics statements="5" coveredstatements="5" conditionals="0" coveredconditionals="0" methods="2" coveredmethods="2"/>
      <line num="9" count="1" type="stmt"/>
      <line num="15" count="4" type="stmt"/>
      <line num="19" count="3" type="stmt"/>
      <line num="24" count="3" type="stmt"/>
      <line num="26" count="2" type="stmt"/>
    </file>
  </project>
</coverage>
