{"C:\\Users\\garde\\OneDrive\\Desktop\\donation-api\\src\\controllers\\donation-controller.ts": {"path":"C:\\Users\\garde\\OneDrive\\Desktop\\donation-api\\src\\controllers\\donation-controller.ts","statementMap":{"0":{"start":{"line":15,"column":4},"end":{"line":15,"column":27}},"1":{"start":{"line":19,"column":17},"end":{"line":19,"column":null}},"2":{"start":{"line":24,"column":21},"end":{"line":24,"column":53}},"3":{"start":{"line":26,"column":4},"end":{"line":26,"column":48}},"4":{"start":{"line":9,"column":0},"end":{"line":9,"column":13}}},"fnMap":{"0":{"name":"(anonymous_7)","decl":{"start":{"line":12,"column":2},"end":{"line":12,"column":null}},"loc":{"start":{"line":13,"column":68},"end":{"line":16,"column":3}}},"1":{"name":"(anonymous_8)","decl":{"start":{"line":18,"column":15},"end":{"line":18,"column":21}},"loc":{"start":{"line":18,"column":49},"end":{"line":27,"column":null}}}},"branchMap":{},"s":{"0":4,"1":3,"2":3,"3":2,"4":1},"f":{"0":4,"1":3},"b":{}}
}
